[2026-02-23T18:17:39.455Z] SyntaxError: Expected property name or '}' in JSON at position 1 (line 1 column 2)
    at JSON.parse (<anonymous>)
    at parse (C:\Users\usuario\Downloads\backend\node_modules\body-parser\lib\types\json.js:92:19)
    at C:\Users\usuario\Downloads\backend\node_modules\body-parser\lib\read.js:128:18
    at AsyncResource.runInAsyncScope (node:async_hooks:214:14)
    at invokeCallback (C:\Users\usuario\Downloads\backend\node_modules\raw-body\index.js:238:16)
    at done (C:\Users\usuario\Downloads\backend\node_modules\raw-body\index.js:227:7)
    at IncomingMessage.onEnd (C:\Users\usuario\Downloads\backend\node_modules\raw-body\index.js:287:7)
    at IncomingMessage.emit (node:events:508:28)
    at IncomingMessage.emit (node:domain:489:12)
    at endReadableNT (node:internal/streams/readable:1701:12)
[2026-02-23T18:30:04.869Z] SyntaxError: Expected property name or '}' in JSON at position 1 (line 1 column 2)
    at JSON.parse (<anonymous>)
    at parse (C:\Users\usuario\Downloads\backend\node_modules\body-parser\lib\types\json.js:92:19)
    at C:\Users\usuario\Downloads\backend\node_modules\body-parser\lib\read.js:128:18
    at AsyncResource.runInAsyncScope (node:async_hooks:214:14)
    at invokeCallback (C:\Users\usuario\Downloads\backend\node_modules\raw-body\index.js:238:16)
    at done (C:\Users\usuario\Downloads\backend\node_modules\raw-body\index.js:227:7)
    at IncomingMessage.onEnd (C:\Users\usuario\Downloads\backend\node_modules\raw-body\index.js:287:7)
    at IncomingMessage.emit (node:events:508:28)
    at IncomingMessage.emit (node:domain:489:12)
    at endReadableNT (node:internal/streams/readable:1701:12)
